<?xml version="1.0" encoding="UTF-8"?>
<testng-results ignored="0" total="3" passed="3" failed="0" skipped="0">
  <reporter-output>
  </reporter-output>
  <suite started-at="2023-09-06T05:47:31Z" name="OrangeHRM Test Suite" finished-at="2023-09-06T05:47:41Z" duration-ms="9627">
    <groups>
    </groups>
    <test started-at="2023-09-06T05:47:31Z" name="Admin Login Test With Valid Data" finished-at="2023-09-06T05:47:34Z" duration-ms="2993">
      <class name="orangehrm.testcases.AdminLoginTestWithValidData">
        <test-method signature="CheckAdminLogin(java.lang.String, java.lang.String)[pri:0, instance:orangehrm.testcases.AdminLoginTestWithValidData@7ff95560]" started-at="2023-09-06T05:47:31Z" name="CheckAdminLogin" finished-at="2023-09-06T05:47:34Z" duration-ms="2971" status="PASS">
          <params>
            <param index="0">
              <value>
                <![CDATA[Admin]]>
              </value>
            </param>
            <param index="1">
              <value>
                <![CDATA[Qedge123!@#]]>
              </value>
            </param>
          </params>
          <reporter-output>
          </reporter-output>
        </test-method> <!-- CheckAdminLogin -->
      </class> <!-- orangehrm.testcases.AdminLoginTestWithValidData -->
    </test> <!-- Admin Login Test With Valid Data -->
    <test started-at="2023-09-06T05:47:34Z" name="Admin Login Test With Invalid Data" finished-at="2023-09-06T05:47:35Z" duration-ms="679">
      <class name="orangehrm.testcases.AdminLoginTestWithInvalidData">
        <test-method signature="AdminLogin(java.lang.String, java.lang.String)[pri:0, instance:orangehrm.testcases.AdminLoginTestWithInvalidData@358ee631]" started-at="2023-09-06T05:47:34Z" name="AdminLogin" finished-at="2023-09-06T05:47:35Z" duration-ms="674" status="PASS">
          <params>
            <param index="0">
              <value>
                <![CDATA[abc]]>
              </value>
            </param>
            <param index="1">
              <value>
                <![CDATA[xyz]]>
              </value>
            </param>
          </params>
          <reporter-output>
          </reporter-output>
        </test-method> <!-- AdminLogin -->
      </class> <!-- orangehrm.testcases.AdminLoginTestWithInvalidData -->
    </test> <!-- Admin Login Test With Invalid Data -->
    <test started-at="2023-09-06T05:47:35Z" name="Employee Reg Test" finished-at="2023-09-06T05:47:41Z" duration-ms="5829">
      <class name="orangehrm.testcases.AddEmployeeTest">
        <test-method is-config="true" signature="LunchApp()[pri:0, instance:orangehrm.testcases.AddEmployeeTest@7b227d8d]" started-at="2023-09-06T05:47:28Z" name="LunchApp" finished-at="2023-09-06T05:47:31Z" duration-ms="3113" status="PASS">
          <reporter-output>
          </reporter-output>
        </test-method> <!-- LunchApp -->
        <test-method is-config="true" signature="AdminLogin()[pri:0, instance:orangehrm.testcases.AddEmployeeTest@7b227d8d]" started-at="2023-09-06T05:47:35Z" name="AdminLogin" finished-at="2023-09-06T05:47:36Z" duration-ms="1100" status="PASS">
          <reporter-output>
          </reporter-output>
        </test-method> <!-- AdminLogin -->
        <test-method signature="EmpRegTest(java.lang.String, java.lang.String)[pri:0, instance:orangehrm.testcases.AddEmployeeTest@7b227d8d]" started-at="2023-09-06T05:47:36Z" name="EmpRegTest" finished-at="2023-09-06T05:47:40Z" duration-ms="3786" status="PASS">
          <params>
            <param index="0">
              <value>
                <![CDATA[Viku]]>
              </value>
            </param>
            <param index="1">
              <value>
                <![CDATA[Mohapatra]]>
              </value>
            </param>
          </params>
          <reporter-output>
          </reporter-output>
        </test-method> <!-- EmpRegTest -->
        <test-method is-config="true" signature="AdminLogout()[pri:0, instance:orangehrm.testcases.AddEmployeeTest@7b227d8d]" started-at="2023-09-06T05:47:40Z" name="AdminLogout" finished-at="2023-09-06T05:47:41Z" duration-ms="939" status="PASS">
          <reporter-output>
          </reporter-output>
        </test-method> <!-- AdminLogout -->
        <test-method is-config="true" signature="CloseApp()[pri:0, instance:orangehrm.testcases.AddEmployeeTest@7b227d8d]" started-at="2023-09-06T05:47:41Z" name="CloseApp" finished-at="2023-09-06T05:47:41Z" duration-ms="128" status="PASS">
          <reporter-output>
          </reporter-output>
        </test-method> <!-- CloseApp -->
      </class> <!-- orangehrm.testcases.AddEmployeeTest -->
    </test> <!-- Employee Reg Test -->
  </suite> <!-- OrangeHRM Test Suite -->
</testng-results>
