<?xml version="1.0" encoding="UTF-8"?>
<testng-results ignored="0" total="8" passed="8" failed="0" skipped="0">
  <reporter-output>
  </reporter-output>
  <suite started-at="2023-09-17T00:22:38 IST" name="OrangeHRM test Suite" finished-at="2023-09-17T00:23:33 IST" duration-ms="54896">
    <groups>
      <group name="cucumber">
        <method signature="AbstractTestNGCucumberTests.runScenario(io.cucumber.testng.PickleWrapper,io.cucumber.testng.FeatureWrapper)[pri:0, instance:testrunners.AdminLoginTest@72967906]" name="runScenario" class="io.cucumber.testng.AbstractTestNGCucumberTests"/>
        <method signature="AbstractTestNGCucumberTests.runScenario(io.cucumber.testng.PickleWrapper,io.cucumber.testng.FeatureWrapper)[pri:0, instance:testrunners.EmployeeRegTest@30c15d8b]" name="runScenario" class="io.cucumber.testng.AbstractTestNGCucumberTests"/>
      </group> <!-- cucumber -->
    </groups>
    <test started-at="2023-09-17T00:22:38 IST" name="Admin Login Test " finished-at="2023-09-17T00:23:20 IST" duration-ms="42810">
      <class name="testrunners.AdminLoginTest">
        <test-method is-config="true" signature="setUpClass(org.testng.ITestContext)[pri:0, instance:testrunners.AdminLoginTest@72967906]" started-at="2023-09-17T00:22:38 IST" name="setUpClass" finished-at="2023-09-17T00:22:38 IST" duration-ms="717" status="PASS">
          <params>
            <param index="0">
              <value>
                <![CDATA[org.testng.TestRunner@55fee662]]>
              </value>
            </param>
          </params>
          <reporter-output>
          </reporter-output>
        </test-method> <!-- setUpClass -->
        <test-method signature="runScenario(io.cucumber.testng.PickleWrapper,io.cucumber.testng.FeatureWrapper)[pri:0, instance:testrunners.AdminLoginTest@72967906]" started-at="2023-09-17T00:22:38 IST" name="runScenario" description="Runs Cucumber Scenarios" data-provider="scenarios" finished-at="2023-09-17T00:22:46 IST" duration-ms="8021" status="PASS">
          <params>
            <param index="0">
              <value>
                <![CDATA["Admin Login Test With Valid Data"]]>
              </value>
            </param>
            <param index="1">
              <value>
                <![CDATA["Admin Login"]]>
              </value>
            </param>
          </params>
          <reporter-output>
          </reporter-output>
        </test-method> <!-- runScenario -->
        <test-method signature="runScenario(io.cucumber.testng.PickleWrapper,io.cucumber.testng.FeatureWrapper)[pri:0, instance:testrunners.AdminLoginTest@72967906]" started-at="2023-09-17T00:22:46 IST" name="runScenario" description="Runs Cucumber Scenarios" data-provider="scenarios" finished-at="2023-09-17T00:22:52 IST" duration-ms="5982" status="PASS">
          <params>
            <param index="0">
              <value>
                <![CDATA["Check Admin Login With Invalid Data"]]>
              </value>
            </param>
            <param index="1">
              <value>
                <![CDATA["Admin Login"]]>
              </value>
            </param>
          </params>
          <reporter-output>
          </reporter-output>
        </test-method> <!-- runScenario -->
        <test-method signature="runScenario(io.cucumber.testng.PickleWrapper,io.cucumber.testng.FeatureWrapper)[pri:0, instance:testrunners.AdminLoginTest@72967906]" started-at="2023-09-17T00:22:52 IST" name="runScenario" description="Runs Cucumber Scenarios" data-provider="scenarios" finished-at="2023-09-17T00:22:59 IST" duration-ms="6806" status="PASS">
          <params>
            <param index="0">
              <value>
                <![CDATA["Check Admin Login With Invalid Data"]]>
              </value>
            </param>
            <param index="1">
              <value>
                <![CDATA["Admin Login"]]>
              </value>
            </param>
          </params>
          <reporter-output>
          </reporter-output>
        </test-method> <!-- runScenario -->
        <test-method signature="runScenario(io.cucumber.testng.PickleWrapper,io.cucumber.testng.FeatureWrapper)[pri:0, instance:testrunners.AdminLoginTest@72967906]" started-at="2023-09-17T00:22:59 IST" name="runScenario" description="Runs Cucumber Scenarios" data-provider="scenarios" finished-at="2023-09-17T00:23:06 IST" duration-ms="7023" status="PASS">
          <params>
            <param index="0">
              <value>
                <![CDATA["Check Admin Login With Invalid Data"]]>
              </value>
            </param>
            <param index="1">
              <value>
                <![CDATA["Admin Login"]]>
              </value>
            </param>
          </params>
          <reporter-output>
          </reporter-output>
        </test-method> <!-- runScenario -->
        <test-method signature="runScenario(io.cucumber.testng.PickleWrapper,io.cucumber.testng.FeatureWrapper)[pri:0, instance:testrunners.AdminLoginTest@72967906]" started-at="2023-09-17T00:23:06 IST" name="runScenario" description="Runs Cucumber Scenarios" data-provider="scenarios" finished-at="2023-09-17T00:23:10 IST" duration-ms="3336" status="PASS">
          <params>
            <param index="0">
              <value>
                <![CDATA["Check Admin Login With Invalid Data"]]>
              </value>
            </param>
            <param index="1">
              <value>
                <![CDATA["Admin Login"]]>
              </value>
            </param>
          </params>
          <reporter-output>
          </reporter-output>
        </test-method> <!-- runScenario -->
        <test-method signature="runScenario(io.cucumber.testng.PickleWrapper,io.cucumber.testng.FeatureWrapper)[pri:0, instance:testrunners.AdminLoginTest@72967906]" started-at="2023-09-17T00:23:10 IST" name="runScenario" description="Runs Cucumber Scenarios" data-provider="scenarios" finished-at="2023-09-17T00:23:15 IST" duration-ms="5570" status="PASS">
          <params>
            <param index="0">
              <value>
                <![CDATA["Check Admin Login With Invalid Data"]]>
              </value>
            </param>
            <param index="1">
              <value>
                <![CDATA["Admin Login"]]>
              </value>
            </param>
          </params>
          <reporter-output>
          </reporter-output>
        </test-method> <!-- runScenario -->
        <test-method signature="runScenario(io.cucumber.testng.PickleWrapper,io.cucumber.testng.FeatureWrapper)[pri:0, instance:testrunners.AdminLoginTest@72967906]" started-at="2023-09-17T00:23:15 IST" name="runScenario" description="Runs Cucumber Scenarios" data-provider="scenarios" finished-at="2023-09-17T00:23:20 IST" duration-ms="5132" status="PASS">
          <params>
            <param index="0">
              <value>
                <![CDATA["Check Admin Login With Invalid Data"]]>
              </value>
            </param>
            <param index="1">
              <value>
                <![CDATA["Admin Login"]]>
              </value>
            </param>
          </params>
          <reporter-output>
          </reporter-output>
        </test-method> <!-- runScenario -->
        <test-method is-config="true" signature="tearDownClass()[pri:0, instance:testrunners.AdminLoginTest@72967906]" started-at="2023-09-17T00:23:20 IST" name="tearDownClass" finished-at="2023-09-17T00:23:20 IST" duration-ms="113" status="PASS">
          <reporter-output>
          </reporter-output>
        </test-method> <!-- tearDownClass -->
      </class> <!-- testrunners.AdminLoginTest -->
    </test> <!-- Admin Login Test  -->
    <test started-at="2023-09-17T00:23:20 IST" name="Employee Registration Test" finished-at="2023-09-17T00:23:33 IST" duration-ms="12048">
      <class name="testrunners.EmployeeRegTest">
        <test-method is-config="true" signature="setUpClass(org.testng.ITestContext)[pri:0, instance:testrunners.EmployeeRegTest@30c15d8b]" started-at="2023-09-17T00:23:20 IST" name="setUpClass" finished-at="2023-09-17T00:23:20 IST" duration-ms="12" status="PASS">
          <params>
            <param index="0">
              <value>
                <![CDATA[org.testng.TestRunner@54089484]]>
              </value>
            </param>
          </params>
          <reporter-output>
          </reporter-output>
        </test-method> <!-- setUpClass -->
        <test-method signature="runScenario(io.cucumber.testng.PickleWrapper,io.cucumber.testng.FeatureWrapper)[pri:0, instance:testrunners.EmployeeRegTest@30c15d8b]" started-at="2023-09-17T00:23:20 IST" name="runScenario" description="Runs Cucumber Scenarios" data-provider="scenarios" finished-at="2023-09-17T00:23:32 IST" duration-ms="11938" status="PASS">
          <params>
            <param index="0">
              <value>
                <![CDATA["Check New Employee Registration With Valid Data"]]>
              </value>
            </param>
            <param index="1">
              <value>
                <![CDATA["Employee Registration Test"]]>
              </value>
            </param>
          </params>
          <reporter-output>
          </reporter-output>
        </test-method> <!-- runScenario -->
        <test-method is-config="true" signature="tearDownClass()[pri:0, instance:testrunners.EmployeeRegTest@30c15d8b]" started-at="2023-09-17T00:23:32 IST" name="tearDownClass" finished-at="2023-09-17T00:23:33 IST" duration-ms="91" status="PASS">
          <reporter-output>
          </reporter-output>
        </test-method> <!-- tearDownClass -->
      </class> <!-- testrunners.EmployeeRegTest -->
    </test> <!-- Employee Registration Test -->
  </suite> <!-- OrangeHRM test Suite -->
</testng-results>
